2025-11-11 10:15:00 - Improve battery storage calculation
2025-11-11 19:10:00 - Improve battery storage calculation
2025-11-11 19:10:00 - Minor fixes and updates
2025-11-13 09:00:00 - Improve solar efficiency model
2025-11-13 13:30:00 - Enhance Firebase Authentication
2025-11-13 10:15:00 - Improve battery storage calculation
2025-11-18 09:00:00 - Add sunlight prediction feature
2025-11-20 10:15:00 - Add sunlight prediction feature
2025-11-20 14:55:00 - Refactor optimization module
2025-11-25 14:55:00 - Fix Firebase integration
2025-11-25 19:10:00 - Refactor optimization module
2025-11-25 14:55:00 - Fix Firebase integration
2025-11-27 17:45:00 - Improve battery storage calculation
2025-11-27 17:45:00 - Enhance Firebase Authentication
2025-12-02 17:45:00 - Enhance Firebase Authentication
2025-12-02 10:15:00 - Minor fixes and updates
2025-12-04 14:55:00 - Minor fixes and updates
2025-12-04 09:00:00 - Improve solar efficiency model
2025-12-04 10:15:00 - Improve battery storage calculation
2025-11-11 13:30:00 - Minor fixes and updates
2025-11-11 19:10:00 - Enhance Firebase Authentication
2025-11-13 14:55:00 - Refactor optimization module
2025-11-13 17:45:00 - Minor fixes and updates
2025-11-13 14:55:00 - Add energy usage analytics
2025-11-18 19:10:00 - Update solar data
2025-11-18 19:10:00 - Improve battery storage calculation
2025-11-20 10:15:00 - Optimize photovoltaic simulation
2025-11-20 13:30:00 - Add sunlight prediction feature
2025-11-20 09:00:00 - Update solar data
2025-11-25 14:55:00 - Fix Firebase integration
2025-11-25 13:30:00 - Fix Firebase integration
2025-11-27 13:30:00 - Optimize photovoltaic simulation
2025-11-27 09:00:00 - Optimize photovoltaic simulation
2025-12-02 13:30:00 - Enhance Firebase Authentication
2025-12-04 13:30:00 - Update solar data
2025-12-04 10:15:00 - Enhance Firebase Authentication
2025-12-04 13:30:00 - Fix Firebase integration
2025-12-09 13:30:00 - Update solar data
2025-12-09 09:00:00 - Enhance Firebase Authentication
2025-12-11 13:30:00 - Fix Firebase integration
2025-12-11 13:30:00 - Fix Firebase integration
2025-12-11 17:45:00 - Optimize photovoltaic simulation
2025-11-15 10:15:00 - Improve battery storage calculation
2025-11-15 13:30:00 - Optimize photovoltaic simulation
2025-11-15 14:55:00 - Improve battery storage calculation
2025-11-17 09:00:00 - Update solar data
2025-11-17 10:15:00 - Fix Firebase integration
